
************************************************
PageCall time : [00:13:48]
 P_TID : INIMX_VBNKINIpayTest20101103001353034707
 P_MID : INIpayTest
 P_AUTH_DT : 20101103001353
 P_STATUS : 00
 P_TYPE : VBANK
 P_OID : 201010301241
 P_FN_CD1 : 03
 P_FN_CD2 : 
 P_FN_NM : 기업은행
 P_AMT : 1004
 P_UNAME : 기술지원
 P_RMESG1 : P_VACCT_NO=07500449097221|P_EXP_DT=20101113235900
 P_RMESG2 : 
 P_NOTI : addr=서울시 동작구 사당1동 100-100|delivery_date=20991231|sender_name=견우|recv_name=직녀
 P_AUTH_NO : 
 P_CARD_ISSUER_CODE : null
 P_CARD_NUM : null
************************************************

