
************************************************
PageCall time : [10:14:19]
 P_TID : null
 P_MID : null
 P_AUTH_DT : null
 P_STATUS : null
 P_TYPE : null
 P_OID : null
 P_FN_CD1 : null
 P_FN_CD2 : null
 P_FN_NM : null
 P_AMT : null
 P_UNAME : null
 P_RMESG1 : null
 P_RMESG2 : null
 P_NOTI : null
 P_AUTH_NO : null
 P_CARD_ISSUER_CODE : null
 P_CARD_NUM : null
************************************************


************************************************
PageCall time : [12:43:56]
 P_TID : INIpayTestINIpayTest00000000001111111111
 P_MID : INIpayTest
 P_AUTH_DT : 20101101120000
 P_STATUS : 01
 P_TYPE : Card
 P_OID : 2010101124355
 P_FN_CD1 : AAAA
 P_FN_CD2 : BBBB
 P_FN_NM : CCCC
 P_AMT : 1004
 P_UNAME : Tester
 P_RMESG1 : DDDD
 P_RMESG2 : EEEE
 P_NOTI : FFFF
 P_AUTH_NO : 10002000
 P_CARD_ISSUER_CODE : 01
 P_CARD_NUM : 1234567890123456
************************************************


************************************************
PageCall time : [12:46:12]
 P_TID : INIpayTestINIpayTest00000000001111111111
 P_MID : INIpayTest
 P_AUTH_DT : 20101101120000
 P_STATUS : 01
 P_TYPE : Card
 P_OID : 2010101124355
 P_FN_CD1 : AAAA
 P_FN_CD2 : BBBB
 P_FN_NM : CCCC
 P_AMT : 1004
 P_UNAME : Tester
 P_RMESG1 : DDDD
 P_RMESG2 : EEEE
 P_NOTI : FFFF
 P_AUTH_NO : 10002000
 P_CARD_ISSUER_CODE : 01
 P_CARD_NUM : 1234567890123456
************************************************


************************************************
PageCall time : [12:48:07]
 P_TID : null
 P_MID : null
 P_AUTH_DT : null
 P_STATUS : null
 P_TYPE : null
 P_OID : null
 P_FN_CD1 : null
 P_FN_CD2 : null
 P_FN_NM : null
 P_AMT : null
 P_UNAME : null
 P_RMESG1 : null
 P_RMESG2 : null
 P_NOTI : null
 P_AUTH_NO : null
 P_CARD_ISSUER_CODE : null
 P_CARD_NUM : null
************************************************


************************************************
PageCall time : [12:53:16]
 P_TID : null
 P_MID : null
 P_AUTH_DT : null
 P_STATUS : null
 P_TYPE : null
 P_OID : null
 P_FN_CD1 : null
 P_FN_CD2 : null
 P_FN_NM : null
 P_AMT : null
 P_UNAME : null
 P_RMESG1 : null
 P_RMESG2 : null
 P_NOTI : null
 P_AUTH_NO : null
 P_CARD_ISSUER_CODE : null
 P_CARD_NUM : null
************************************************


************************************************
PageCall time : [12:53:40]
 P_TID : null
 P_MID : null
 P_AUTH_DT : null
 P_STATUS : null
 P_TYPE : null
 P_OID : null
 P_FN_CD1 : null
 P_FN_CD2 : null
 P_FN_NM : null
 P_AMT : null
 P_UNAME : null
 P_RMESG1 : null
 P_RMESG2 : null
 P_NOTI : null
 P_AUTH_NO : null
 P_CARD_ISSUER_CODE : null
 P_CARD_NUM : null
************************************************


************************************************
PageCall time : [12:53:48]
 P_TID : null
 P_MID : null
 P_AUTH_DT : null
 P_STATUS : null
 P_TYPE : null
 P_OID : null
 P_FN_CD1 : null
 P_FN_CD2 : null
 P_FN_NM : null
 P_AMT : null
 P_UNAME : null
 P_RMESG1 : null
 P_RMESG2 : null
 P_NOTI : null
 P_AUTH_NO : null
 P_CARD_ISSUER_CODE : null
 P_CARD_NUM : null
************************************************


************************************************
PageCall time : [12:55:21]
 P_TID : null
 P_MID : null
 P_AUTH_DT : null
 P_STATUS : null
 P_TYPE : null
 P_OID : null
 P_FN_CD1 : null
 P_FN_CD2 : null
 P_FN_NM : null
 P_AMT : null
 P_UNAME : null
 P_RMESG1 : null
 P_RMESG2 : null
 P_NOTI : null
 P_AUTH_NO : null
 P_CARD_ISSUER_CODE : null
 P_CARD_NUM : null
************************************************


************************************************
PageCall time : [12:55:25]
 P_TID : null
 P_MID : null
 P_AUTH_DT : null
 P_STATUS : null
 P_TYPE : null
 P_OID : null
 P_FN_CD1 : null
 P_FN_CD2 : null
 P_FN_NM : null
 P_AMT : null
 P_UNAME : null
 P_RMESG1 : null
 P_RMESG2 : null
 P_NOTI : null
 P_AUTH_NO : null
 P_CARD_ISSUER_CODE : null
 P_CARD_NUM : null
************************************************


************************************************
PageCall time : [12:56:40]
 P_TID : null
 P_MID : null
 P_AUTH_DT : null
 P_STATUS : null
 P_TYPE : null
 P_OID : null
 P_FN_CD1 : null
 P_FN_CD2 : null
 P_FN_NM : null
 P_AMT : null
 P_UNAME : null
 P_RMESG1 : null
 P_RMESG2 : null
 P_NOTI : null
 P_AUTH_NO : null
 P_CARD_ISSUER_CODE : null
 P_CARD_NUM : null
************************************************


************************************************
PageCall time : [12:59:33]
 P_TID : INIMX_VBNKINIpayTest20101101125935267661
 P_MID : INIpayTest
 P_AUTH_DT : 20101101125935
 P_STATUS : 00
 P_TYPE : VBANK
 P_OID : 2010101125820
 P_FN_CD1 : 03
 P_FN_CD2 : 
 P_FN_NM : 기업은행
 P_AMT : 1004
 P_UNAME : 기술지원
 P_RMESG1 : P_VACCT_NO=07500416597608|P_EXP_DT=20101111235900
 P_RMESG2 : 
 P_NOTI : addr=서울시 동작구 사당1동 100-100|delivery_date=20991231|sender_name=견우|recv_name=직녀
 P_AUTH_NO : 
 P_CARD_ISSUER_CODE : null
 P_CARD_NUM : null
************************************************


************************************************
PageCall time : [13:16:54]
 P_TID : INIMX_VBNKINIpayTest20101101131656322673
 P_MID : INIpayTest
 P_AUTH_DT : 20101101131656
 P_STATUS : 00
 P_TYPE : VBANK
 P_OID : 2010101131645
 P_FN_CD1 : 03
 P_FN_CD2 : 
 P_FN_NM : 기업은행
 P_AMT : 3000
 P_UNAME : 기술지원
 P_RMESG1 : P_VACCT_NO=07500468697184|P_EXP_DT=20101111235900
 P_RMESG2 : 
 P_NOTI : addr=서울시 동작구 사당1동 100-100|delivery_date=20991231|sender_name=견우|recv_name=직녀
 P_AUTH_NO : 
 P_CARD_ISSUER_CODE : null
 P_CARD_NUM : null
************************************************


************************************************
PageCall time : [13:34:01]
 P_TID : INIMX_VBNKINIpayTest20101101133403030508
 P_MID : INIpayTest
 P_AUTH_DT : 20101101133403
 P_STATUS : 00
 P_TYPE : VBANK
 P_OID : 2010101133354
 P_FN_CD1 : 03
 P_FN_CD2 : 
 P_FN_NM : 기업은행
 P_AMT : 1004
 P_UNAME : 기술지원
 P_RMESG1 : P_VACCT_NO=07500428897221|P_EXP_DT=20101111235900
 P_RMESG2 : 
 P_NOTI : addr=서울시 동작구 사당1동 100-100|delivery_date=20991231|sender_name=견우|recv_name=직녀
 P_AUTH_NO : 
 P_CARD_ISSUER_CODE : null
 P_CARD_NUM : null
************************************************

